2026-03-20 20:21:01,555 | WARNING | discord.client | PyNaCl is not installed, voice will NOT be supported
2026-03-20 20:21:01,557 | WARNING | discord.ext.commands.bot | Privileged message content intent is missing, commands may not work as expected.
2026-03-20 20:21:01,559 | INFO | discord.client | logging in using static token
2026-03-20 20:21:03,560 | INFO | nycrpp-bot | Loaded extension: cogs.embeds
2026-03-20 20:21:03,987 | INFO | nycrpp-bot | Loaded extension: cogs.tickets
2026-03-20 20:21:04,278 | INFO | nycrpp-bot | Loaded extension: cogs.applications
2026-03-20 20:21:04,485 | INFO | nycrpp-bot | Loaded extension: cogs.staff
2026-03-20 20:21:05,623 | INFO | nycrpp-bot | Loaded extension: cogs.utility
2026-03-20 20:21:05,857 | ERROR | nycrpp-bot | Dev guild sync failed on attempt 1.
Traceback (most recent call last):
  File "C:\Users\apost\OneDrive\\u03a5\u03c0\u03bf\u03bb\u03bf\u03b3\u03b9\u03c3\u03c4\u03ae\u03c2\Blackwater Protection Group\main.py", line 99, in setup_hook
    synced = await asyncio.wait_for(self.tree.sync(guild=guild_obj), timeout=30)
             ^^^^^^^^^^^^^^^^^^^^^^^^^^^^^^^^^^^^^^^^^^^^^^^^^^^^^^^^^^^^^^^^^^^
  File "C:\Program Files\WindowsApps\PythonSoftwareFoundation.Python.3.12_3.12.2800.0_x64__qbz5n2kfra8p0\Lib\asyncio\tasks.py", line 520, in wait_for
    return await fut
           ^^^^^^^^^
  File "C:\Users\apost\OneDrive\\u03a5\u03c0\u03bf\u03bb\u03bf\u03b3\u03b9\u03c3\u03c4\u03ae\u03c2\Blackwater Protection Group\.venv\Lib\site-packages\discord\app_commands\tree.py", line 1118, in sync
    data = await self._http.bulk_upsert_guild_commands(self.client.application_id, guild.id, payload=payload)
           ^^^^^^^^^^^^^^^^^^^^^^^^^^^^^^^^^^^^^^^^^^^^^^^^^^^^^^^^^^^^^^^^^^^^^^^^^^^^^^^^^^^^^^^^^^^^^^^^^^
  File "C:\Users\apost\OneDrive\\u03a5\u03c0\u03bf\u03bb\u03bf\u03b3\u03b9\u03c3\u03c4\u03ae\u03c2\Blackwater Protection Group\.venv\Lib\site-packages\discord\http.py", line 767, in request
    raise Forbidden(response, data)
discord.errors.Forbidden: 403 Forbidden (error code: 50001): Missing Access
2026-03-20 20:21:36,128 | WARNING | nycrpp-bot | Dev guild sync timed out on attempt 2.
2026-03-20 20:22:06,137 | WARNING | nycrpp-bot | Dev guild sync timed out on attempt 3.
2026-03-20 20:22:06,137 | WARNING | nycrpp-bot | Dev guild sync failed after 3 attempts; continuing startup.
2026-03-20 20:22:06,741 | INFO | discord.gateway | Shard ID None has connected to Gateway (Session ID: fad55d625392ff66a41b91efbee02784).
2026-03-20 20:22:08,768 | INFO | nycrpp-bot | Bot online as Blackwater Protection Group#1755 (1475905169647468909)
2026-03-20 20:22:41,384 | ERROR | discord.client | Attempting a reconnect in 1.42s
Traceback (most recent call last):
  File "C:\Users\apost\OneDrive\\u03a5\u03c0\u03bf\u03bb\u03bf\u03b3\u03b9\u03c3\u03c4\u03ae\u03c2\Blackwater Protection Group\.venv\Lib\site-packages\aiohttp\connector.py", line 1562, in _create_direct_connection
    hosts = await self._resolve_host(host, port, traces=traces)
            ^^^^^^^^^^^^^^^^^^^^^^^^^^^^^^^^^^^^^^^^^^^^^^^^^^^
  File "C:\Users\apost\OneDrive\\u03a5\u03c0\u03bf\u03bb\u03bf\u03b3\u03b9\u03c3\u03c4\u03ae\u03c2\Blackwater Protection Group\.venv\Lib\site-packages\aiohttp\connector.py", line 1178, in _resolve_host
    return await asyncio.shield(resolved_host_task)
           ^^^^^^^^^^^^^^^^^^^^^^^^^^^^^^^^^^^^^^^^
  File "C:\Users\apost\OneDrive\\u03a5\u03c0\u03bf\u03bb\u03bf\u03b3\u03b9\u03c3\u03c4\u03ae\u03c2\Blackwater Protection Group\.venv\Lib\site-packages\aiohttp\connector.py", line 1209, in _resolve_host_with_throttle
    addrs = await self._resolver.resolve(host, port, family=self._family)
            ^^^^^^^^^^^^^^^^^^^^^^^^^^^^^^^^^^^^^^^^^^^^^^^^^^^^^^^^^^^^^
  File "C:\Users\apost\OneDrive\\u03a5\u03c0\u03bf\u03bb\u03bf\u03b3\u03b9\u03c3\u03c4\u03ae\u03c2\Blackwater Protection Group\.venv\Lib\site-packages\aiohttp\resolver.py", line 40, in resolve
    infos = await self._loop.getaddrinfo(
            ^^^^^^^^^^^^^^^^^^^^^^^^^^^^^
  File "C:\Program Files\WindowsApps\PythonSoftwareFoundation.Python.3.12_3.12.2800.0_x64__qbz5n2kfra8p0\Lib\asyncio\base_events.py", line 905, in getaddrinfo
    return await self.run_in_executor(
           ^^^^^^^^^^^^^^^^^^^^^^^^^^^
  File "C:\Program Files\WindowsApps\PythonSoftwareFoundation.Python.3.12_3.12.2800.0_x64__qbz5n2kfra8p0\Lib\concurrent\futures\thread.py", line 59, in run
    result = self.fn(*self.args, **self.kwargs)
             ^^^^^^^^^^^^^^^^^^^^^^^^^^^^^^^^^^
  File "C:\Program Files\WindowsApps\PythonSoftwareFoundation.Python.3.12_3.12.2800.0_x64__qbz5n2kfra8p0\Lib\socket.py", line 978, in getaddrinfo
    for res in _socket.getaddrinfo(host, port, family, type, proto, flags):
               ^^^^^^^^^^^^^^^^^^^^^^^^^^^^^^^^^^^^^^^^^^^^^^^^^^^^^^^^^^^
socket.gaierror: [Errno 11004] getaddrinfo failed

The above exception was the direct cause of the following exception:

Traceback (most recent call last):
  File "C:\Users\apost\OneDrive\\u03a5\u03c0\u03bf\u03bb\u03bf\u03b3\u03b9\u03c3\u03c4\u03ae\u03c2\Blackwater Protection Group\.venv\Lib\site-packages\discord\client.py", line 724, in connect
    self.ws = await asyncio.wait_for(coro, timeout=60.0)
              ^^^^^^^^^^^^^^^^^^^^^^^^^^^^^^^^^^^^^^^^^^
  File "C:\Program Files\WindowsApps\PythonSoftwareFoundation.Python.3.12_3.12.2800.0_x64__qbz5n2kfra8p0\Lib\asyncio\tasks.py", line 520, in wait_for
    return await fut
           ^^^^^^^^^
  File "C:\Users\apost\OneDrive\\u03a5\u03c0\u03bf\u03bb\u03bf\u03b3\u03b9\u03c3\u03c4\u03ae\u03c2\Blackwater Protection Group\.venv\Lib\site-packages\discord\gateway.py", line 383, in from_client
    socket = await client.http.ws_connect(str(url))
             ^^^^^^^^^^^^^^^^^^^^^^^^^^^^^^^^^^^^^^
  File "C:\Users\apost\OneDrive\\u03a5\u03c0\u03bf\u03bb\u03bf\u03b3\u03b9\u03c3\u03c4\u03ae\u03c2\Blackwater Protection Group\.venv\Lib\site-packages\discord\http.py", line 566, in ws_connect
    return await self.__session.ws_connect(url, **kwargs)
           ^^^^^^^^^^^^^^^^^^^^^^^^^^^^^^^^^^^^^^^^^^^^^^
  File "C:\Users\apost\OneDrive\\u03a5\u03c0\u03bf\u03bb\u03bf\u03b3\u03b9\u03c3\u03c4\u03ae\u03c2\Blackwater Protection Group\.venv\Lib\site-packages\aiohttp\client.py", line 1076, in _ws_connect
    resp = await self.request(
           ^^^^^^^^^^^^^^^^^^^
  File "C:\Users\apost\OneDrive\\u03a5\u03c0\u03bf\u03bb\u03bf\u03b3\u03b9\u03c3\u03c4\u03ae\u03c2\Blackwater Protection Group\.venv\Lib\site-packages\aiohttp\client.py", line 779, in _request
    resp = await handler(req)
           ^^^^^^^^^^^^^^^^^^
  File "C:\Users\apost\OneDrive\\u03a5\u03c0\u03bf\u03bb\u03bf\u03b3\u03b9\u03c3\u03c4\u03ae\u03c2\Blackwater Protection Group\.venv\Lib\site-packages\aiohttp\client.py", line 734, in _connect_and_send_request
    conn = await self._connector.connect(
           ^^^^^^^^^^^^^^^^^^^^^^^^^^^^^^
  File "C:\Users\apost\OneDrive\\u03a5\u03c0\u03bf\u03bb\u03bf\u03b3\u03b9\u03c3\u03c4\u03ae\u03c2\Blackwater Protection Group\.venv\Lib\site-packages\aiohttp\connector.py", line 672, in connect
    proto = await self._create_connection(req, traces, timeout)
            ^^^^^^^^^^^^^^^^^^^^^^^^^^^^^^^^^^^^^^^^^^^^^^^^^^^
  File "C:\Users\apost\OneDrive\\u03a5\u03c0\u03bf\u03bb\u03bf\u03b3\u03b9\u03c3\u03c4\u03ae\u03c2\Blackwater Protection Group\.venv\Lib\site-packages\aiohttp\connector.py", line 1239, in _create_connection
    _, proto = await self._create_direct_connection(req, traces, timeout)
               ^^^^^^^^^^^^^^^^^^^^^^^^^^^^^^^^^^^^^^^^^^^^^^^^^^^^^^^^^^
  File "C:\Users\apost\OneDrive\\u03a5\u03c0\u03bf\u03bb\u03bf\u03b3\u03b9\u03c3\u03c4\u03ae\u03c2\Blackwater Protection Group\.venv\Lib\site-packages\aiohttp\connector.py", line 1568, in _create_direct_connection
    raise ClientConnectorDNSError(req.connection_key, exc) from exc
aiohttp.client_exceptions.ClientConnectorDNSError: Cannot connect to host gateway-us-east1-d.discord.gg:443 ssl:default [getaddrinfo failed]
2026-03-20 20:22:43,525 | INFO | discord.gateway | Shard ID None has successfully RESUMED session fad55d625392ff66a41b91efbee02784.
